<?xml version="1.0" encoding="utf-8"?><testsuites name="pytest tests"><testsuite name="pytest" errors="0" failures="0" skipped="0" tests="85" time="34.059" timestamp="2026-07-01T17:31:16.683911+00:00" hostname="agent-env-84aaddeb-cfa9-4979-9952-6fbdea3fa1b6"><testcase classname="tests.backend_test.TestContact" name="test_create_contact_success" time="1.453" /><testcase classname="tests.test_admin.TestArticlesCRUD" name="test_create_published_article" time="2.315" /><testcase classname="tests.backend_test.TestContact" name="test_contact_persisted_in_list" time="0.888" /><testcase classname="tests.test_admin.TestArticlesCRUD" name="test_create_unpublished_article" time="0.086" /><testcase classname="tests.backend_test.TestContact" name="test_contact_list_sorted_desc" time="1.165" /><testcase classname="tests.test_admin.TestArticlesCRUD" name="test_create_requires_auth" time="0.311" /><testcase classname="tests.test_admin.TestArticlesCRUD" name="test_admin_list_shows_all" time="0.110" /><testcase classname="tests.test_admin.TestArticlesCRUD" name="test_admin_get_single_has_content" time="0.560" /><testcase classname="tests.test_admin.TestArticlesCRUD" name="test_public_list_only_published" time="0.082" /><testcase classname="tests.test_admin.TestArticlesCRUD" name="test_public_get_published" time="0.081" /><testcase classname="tests.backend_test.TestContact" name="test_contact_invalid_email" time="0.066" /><testcase classname="tests.backend_test.TestContact" name="test_contact_missing_nombre" time="0.169" /><testcase classname="tests.test_admin.TestArticlesCRUD" name="test_public_get_unpublished_404" time="0.089" /><testcase classname="tests.test_admin.TestArticlesCRUD" name="test_patch_article" time="0.152" /><testcase classname="tests.backend_test.TestContact" name="test_contact_missing_email" time="0.061" /><testcase classname="tests.backend_test.TestContact" name="test_contact_missing_servicio" time="0.075" /><testcase classname="tests.test_admin.TestArticlesCRUD" name="test_patch_publish_toggle" time="0.434" /><testcase classname="tests.backend_test.TestContact" name="test_contact_missing_mensaje" time="0.080" /><testcase classname="tests.backend_test.TestContact" name="test_contact_short_mensaje" time="0.065" /><testcase classname="tests.test_security.TestTokenSecurity" name="test_missing_token_rejected" time="0.381" /><testcase classname="tests.test_admin.TestArticlesCRUD" name="test_delete_articles" time="0.291" /><testcase classname="tests.test_security.TestTokenSecurity" name="test_malformed_token_rejected[not-hex-at-all-!!!]" time="0.107" /><testcase classname="tests.test_security.TestTokenSecurity" name="test_malformed_token_rejected[abc]" time="0.104" /><testcase classname="tests.test_admin.TestAdminContacts" name="test_seed_contact_via_public" time="0.648" /><testcase classname="tests.test_security.TestTokenSecurity" name="test_malformed_token_rejected[zzzzzzzzzzzzzzzzzzzzzzzzzzzzzzzzzzzzzzzzzzzzzzzzzzzzzzzzzzzzzzzz]" time="0.358" /><testcase classname="tests.test_security.TestTokenSecurity" name="test_malformed_token_rejected[aaaaaaaaaaaaaaaaaaaaaaaaaaaaaaaaaaaaaaaaaaaaaaaaaaaaaaaaaaaaaaaaaaaaaaaaaaaaaaaaaaaaaaaaaaaaaaaaaaaaaaaaaaaaaaaaaaaaaaaaaaaaaaaaaaaaaaaaaaaaaaaaaaaaaaaaaaaaaaaaaaaaaaaaaaaaaaaaaaaaaaaaaaaaaaaaaaaaaaaa]" time="0.069" /><testcase classname="tests.test_security.TestTokenSecurity" name="test_malformed_token_rejected[GHIJKLGHIJKLGHIJKLGHIJKLGHIJKLGHIJKLGHIJKLGHIJKLGHIJKLGHIJKLGHIJKLGHIJKL]" time="0.075" /><testcase classname="tests.test_security.TestTokenSecurity" name="test_valid_hex_but_unknown_token_rejected" time="0.068" /><testcase classname="tests.test_admin.TestAdminContacts" name="test_list_contacts" time="0.101" /><testcase classname="tests.test_security.TestRegression" name="test_economic_indicators" time="1.100" /><testcase classname="tests.test_admin.TestAdminContacts" name="test_list_contacts_requires_auth" time="0.197" /><testcase classname="tests.test_admin.TestAdminContacts" name="test_filter_by_status_new" time="0.099" /><testcase classname="tests.test_admin.TestAdminContacts" name="test_patch_contact_status" time="0.175" /><testcase classname="tests.test_admin.TestAdminContacts" name="test_patch_invalid_status_rejected" time="0.087" /><testcase classname="tests.test_admin.TestAdminContacts" name="test_delete_contact" time="0.142" /><testcase classname="tests.test_admin.TestAdminContacts" name="test_delete_missing_contact_404" time="0.073" /><testcase classname="tests.backend_test.TestNewsletter" name="test_subscribe_new" time="1.116" /><testcase classname="tests.test_security.TestRegression" name="test_public_articles_list" time="0.088" /><testcase classname="tests.test_security.TestRegression" name="test_admin_stats" time="0.983" /><testcase classname="tests.backend_test.TestNewsletter" name="test_subscribe_duplicate_idempotent" time="0.116" /><testcase classname="tests.backend_test.TestNewsletter" name="test_subscribe_duplicate_case_insensitive" time="0.102" /><testcase classname="tests.test_security.TestRegression" name="test_admin_contacts_list" time="0.077" /><testcase classname="tests.backend_test.TestNewsletter" name="test_subscribe_invalid_email" time="0.076" /><testcase classname="tests.test_security.TestRegression" name="test_admin_articles_list" time="0.124" /><testcase classname="tests.backend_test.TestNewsletter" name="test_list_newsletter" time="0.865" /><testcase classname="tests.test_security.TestRegression" name="test_admin_newsletter_list" time="0.701" /><testcase classname="tests.test_security.TestAdminAuth" name="test_login_success_returns_hex_token" time="0.832" /><testcase classname="tests.test_admin.TestAdminAuth" name="test_login_success" time="1.922" /><testcase classname="tests.test_security.TestAdminAuth" name="test_login_wrong_password_returns_401" time="1.227" /><testcase classname="tests.test_admin.TestAdminAuth" name="test_login_wrong_password" time="0.937" /><testcase classname="tests.test_security.TestAdminAuth" name="test_brute_force_lockout_on_6th_attempt" time="5.460" /><testcase classname="tests.test_admin.TestAdminAuth" name="test_verify_valid" time="2.175" /><testcase classname="tests.test_admin.TestAdminAuth" name="test_verify_missing_token" time="0.097" /><testcase classname="tests.test_admin.TestAdminAuth" name="test_verify_invalid_token" time="0.567" /><testcase classname="tests.test_admin.TestAdminNewsletter" name="test_seed_subscriber" time="1.507" /><testcase classname="tests.test_admin.TestAdminNewsletter" name="test_list_subscribers" time="0.380" /><testcase classname="tests.test_security.TestAdminAuth" name="test_bcrypt_hash_stored_in_db" time="0.010" /><testcase classname="tests.test_security.TestAdminAuth" name="test_admin_seeding_idempotent" time="0.009" /><testcase classname="tests.test_security.TestAdminGatedListings" name="test_get_contact_requires_admin" time="0.085" /><testcase classname="tests.test_security.TestAdminGatedListings" name="test_get_newsletter_requires_admin" time="0.071" /><testcase classname="tests.test_admin.TestAdminNewsletter" name="test_list_newsletter_requires_auth" time="0.083" /><testcase classname="tests.test_security.TestAdminGatedListings" name="test_get_contact_works_with_admin" time="0.070" /><testcase classname="tests.test_security.TestAdminGatedListings" name="test_get_newsletter_works_with_admin" time="0.084" /><testcase classname="tests.test_admin.TestAdminNewsletter" name="test_delete_subscriber" time="0.168" /><testcase classname="tests.test_security.TestAuditAndSession" name="test_admin_login_success_audit" time="0.006" /><testcase classname="tests.test_security.TestAuditAndSession" name="test_admin_verify_endpoint" time="0.075" /><testcase classname="tests.test_security.TestAuditAndSession" name="test_admin_audit_logs_endpoint" time="0.097" /><testcase classname="tests.test_security.TestDocsDisabled" name="test_docs_return_404[/docs]" time="0.017" /><testcase classname="tests.test_security.TestDocsDisabled" name="test_docs_return_404[/redoc]" time="0.055" /><testcase classname="tests.test_security.TestAuditAndSession" name="test_expired_session_returns_401" time="0.116" /><testcase classname="tests.test_security.TestDocsDisabled" name="test_docs_return_404[/openapi.json]" time="0.051" /><testcase classname="tests.test_security.TestRateLimiting" name="test_contact_rate_limit_5_per_hour" time="3.670" /><testcase classname="tests.test_security.TestContactSanitization" name="test_xss_stripped_from_nombre_and_mensaje" time="0.845" /><testcase classname="tests.test_security.TestContactSanitization" name="test_servicio_allowlist_rejects_invalid" time="0.064" /><testcase classname="tests.test_security.TestContactSanitization" name="test_servicio_allowlist_accepts_valid_values" time="3.126" /><testcase classname="tests.test_security.TestRateLimiting" name="test_newsletter_rate_limit_5_per_hour" time="2.269" /><testcase classname="tests.backend_test.TestEconomicIndicators" name="test_get_indicators" time="0.293" /><testcase classname="tests.backend_test.TestEconomicIndicators" name="test_get_indicators_cached_second_call" time="0.255" /><testcase classname="tests.test_security.TestSecurityHeaders" name="test_headers_present_on_public_endpoint" time="0.414" /><testcase classname="tests.test_security.TestSecurityHeaders" name="test_headers_on_admin_endpoint" time="0.843" /><testcase classname="tests.test_security.TestRateLimiting" name="test_admin_login_rate_limit_10_per_minute" time="4.299" /><testcase classname="tests.backend_test.TestHealth" name="test_root" time="0.715" /><testcase classname="tests.test_security.TestArticleSecurity" name="test_html_sanitization_strips_script_and_js_protocol" time="3.102" /><testcase classname="tests.test_admin.TestAdminStats" name="test_stats_shape" time="1.169" /><testcase classname="tests.test_admin.TestAdminStats" name="test_stats_requires_auth" time="0.079" /></testsuite></testsuites>