<?xml version="1.0" encoding="utf-8"?><testsuites name="pytest tests"><testsuite name="pytest" errors="0" failures="9" skipped="0" tests="30" time="4.778" timestamp="2026-07-01T16:59:00.334117+00:00" hostname="agent-env-84aaddeb-cfa9-4979-9952-6fbdea3fa1b6"><testcase classname="tests.test_admin.TestAdminContacts" name="test_seed_contact_via_public" time="0.720" /><testcase classname="tests.test_admin.TestArticlesCRUD" name="test_create_published_article" time="0.641"><failure message="AssertionError: Internal Server Error&#10;assert 500 == 200&#10; +  where 500 = &lt;Response [500]&gt;.status_code">backend/tests/test_admin.py:242: in test_create_published_article
    assert r.status_code == 200, r.text
E   AssertionError: Internal Server Error
E   assert 500 == 200
E    +  where 500 = &lt;Response [500]&gt;.status_code</failure></testcase><testcase classname="tests.test_admin.TestArticlesCRUD" name="test_create_unpublished_article" time="0.097"><failure message="assert 500 == 200&#10; +  where 500 = &lt;Response [500]&gt;.status_code">backend/tests/test_admin.py:250: in test_create_unpublished_article
    assert r.status_code == 200
E   assert 500 == 200
E    +  where 500 = &lt;Response [500]&gt;.status_code</failure></testcase><testcase classname="tests.test_admin.TestAdminContacts" name="test_list_contacts" time="0.268" /><testcase classname="tests.test_admin.TestArticlesCRUD" name="test_create_requires_auth" time="0.052" /><testcase classname="tests.test_admin.TestArticlesCRUD" name="test_admin_list_shows_all" time="0.057"><failure message="AssertionError: assert None in ['4bf6c7e5-fb5f-4315-b808-ba30670d1039', '2d2fa767-909c-47ee-a250-808f9fee099a']&#10; +  where None = TestArticlesCRUD.published_id">backend/tests/test_admin.py:262: in test_admin_list_shows_all
    assert TestArticlesCRUD.published_id in ids
E   AssertionError: assert None in ['4bf6c7e5-fb5f-4315-b808-ba30670d1039', '2d2fa767-909c-47ee-a250-808f9fee099a']
E    +  where None = TestArticlesCRUD.published_id</failure></testcase><testcase classname="tests.test_admin.TestArticlesCRUD" name="test_admin_get_single_has_content" time="0.056"><failure message="assert 404 == 200&#10; +  where 404 = &lt;Response [404]&gt;.status_code">backend/tests/test_admin.py:270: in test_admin_get_single_has_content
    assert r.status_code == 200
E   assert 404 == 200
E    +  where 404 = &lt;Response [404]&gt;.status_code</failure></testcase><testcase classname="tests.test_admin.TestAdminContacts" name="test_list_contacts_requires_auth" time="0.050" /><testcase classname="tests.test_admin.TestArticlesCRUD" name="test_public_list_only_published" time="0.054"><failure message="AssertionError: assert None in ['2d2fa767-909c-47ee-a250-808f9fee099a']&#10; +  where None = TestArticlesCRUD.published_id">backend/tests/test_admin.py:281: in test_public_list_only_published
    assert TestArticlesCRUD.published_id in ids
E   AssertionError: assert None in ['2d2fa767-909c-47ee-a250-808f9fee099a']
E    +  where None = TestArticlesCRUD.published_id</failure></testcase><testcase classname="tests.test_admin.TestAdminContacts" name="test_filter_by_status_new" time="0.057" /><testcase classname="tests.test_admin.TestArticlesCRUD" name="test_public_get_published" time="0.063"><failure message="assert 404 == 200&#10; +  where 404 = &lt;Response [404]&gt;.status_code">backend/tests/test_admin.py:290: in test_public_get_published
    assert r.status_code == 200
E   assert 404 == 200
E    +  where 404 = &lt;Response [404]&gt;.status_code</failure></testcase><testcase classname="tests.test_admin.TestAdminContacts" name="test_patch_contact_status" time="0.122" /><testcase classname="tests.test_admin.TestArticlesCRUD" name="test_public_get_unpublished_404" time="0.056" /><testcase classname="tests.test_admin.TestAdminContacts" name="test_patch_invalid_status_rejected" time="0.055" /><testcase classname="tests.test_admin.TestArticlesCRUD" name="test_patch_article" time="0.060"><failure message="assert 404 == 200&#10; +  where 404 = &lt;Response [404]&gt;.status_code">backend/tests/test_admin.py:306: in test_patch_article
    assert r.status_code == 200
E   assert 404 == 200
E    +  where 404 = &lt;Response [404]&gt;.status_code</failure></testcase><testcase classname="tests.test_admin.TestAdminContacts" name="test_delete_contact" time="0.110" /><testcase classname="tests.test_admin.TestArticlesCRUD" name="test_patch_publish_toggle" time="0.062"><failure message="assert 404 == 200&#10; +  where 404 = &lt;Response [404]&gt;.status_code">backend/tests/test_admin.py:318: in test_patch_publish_toggle
    assert r.status_code == 200
E   assert 404 == 200
E    +  where 404 = &lt;Response [404]&gt;.status_code</failure></testcase><testcase classname="tests.test_admin.TestAdminContacts" name="test_delete_missing_contact_404" time="0.052" /><testcase classname="tests.test_admin.TestArticlesCRUD" name="test_delete_articles" time="0.061"><failure message="assert 404 == 200&#10; +  where 404 = &lt;Response [404]&gt;.status_code">backend/tests/test_admin.py:327: in test_delete_articles
    assert r.status_code == 200
E   assert 404 == 200
E    +  where 404 = &lt;Response [404]&gt;.status_code</failure></testcase><testcase classname="tests.test_admin.TestAdminAuth" name="test_login_success" time="0.051" /><testcase classname="tests.test_admin.TestAdminNewsletter" name="test_seed_subscriber" time="0.155" /><testcase classname="tests.test_admin.TestAdminAuth" name="test_login_wrong_password" time="0.112" /><testcase classname="tests.test_admin.TestAdminAuth" name="test_verify_valid" time="0.053" /><testcase classname="tests.test_admin.TestAdminNewsletter" name="test_list_subscribers" time="0.061" /><testcase classname="tests.test_admin.TestAdminAuth" name="test_verify_missing_token" time="0.048" /><testcase classname="tests.test_admin.TestAdminNewsletter" name="test_list_newsletter_requires_auth" time="0.050" /><testcase classname="tests.test_admin.TestAdminAuth" name="test_verify_invalid_token" time="0.050" /><testcase classname="tests.test_admin.TestAdminNewsletter" name="test_delete_subscriber" time="0.107" /><testcase classname="tests.test_admin.TestAdminStats" name="test_stats_shape" time="0.064" /><testcase classname="tests.test_admin.TestAdminStats" name="test_stats_requires_auth" time="0.050" /></testsuite></testsuites>