<?xml version="1.0" encoding="utf-8"?><testsuites name="pytest tests"><testsuite name="pytest" errors="0" failures="3" skipped="0" tests="38" time="26.994" timestamp="2026-07-01T17:30:03.279812+00:00" hostname="agent-env-84aaddeb-cfa9-4979-9952-6fbdea3fa1b6"><testcase classname="tests.test_security.TestTokenSecurity" name="test_missing_token_rejected" time="0.774" /><testcase classname="tests.test_security.TestRegression" name="test_economic_indicators" time="2.459" /><testcase classname="tests.test_security.TestTokenSecurity" name="test_malformed_token_rejected[not-hex-at-all-!!!]" time="0.107" /><testcase classname="tests.test_security.TestTokenSecurity" name="test_malformed_token_rejected[abc]" time="0.093" /><testcase classname="tests.test_security.TestTokenSecurity" name="test_malformed_token_rejected[zzzzzzzzzzzzzzzzzzzzzzzzzzzzzzzzzzzzzzzzzzzzzzzzzzzzzzzzzzzzzzzz]" time="0.095" /><testcase classname="tests.test_security.TestTokenSecurity" name="test_malformed_token_rejected[aaaaaaaaaaaaaaaaaaaaaaaaaaaaaaaaaaaaaaaaaaaaaaaaaaaaaaaaaaaaaaaaaaaaaaaaaaaaaaaaaaaaaaaaaaaaaaaaaaaaaaaaaaaaaaaaaaaaaaaaaaaaaaaaaaaaaaaaaaaaaaaaaaaaaaaaaaaaaaaaaaaaaaaaaaaaaaaaaaaaaaaaaaaaaaaaaaaaaaaa]" time="0.086" /><testcase classname="tests.test_security.TestTokenSecurity" name="test_malformed_token_rejected[GHIJKLGHIJKLGHIJKLGHIJKLGHIJKLGHIJKLGHIJKLGHIJKLGHIJKLGHIJKLGHIJKLGHIJKL]" time="0.092" /><testcase classname="tests.test_security.TestTokenSecurity" name="test_valid_hex_but_unknown_token_rejected" time="0.091" /><testcase classname="tests.test_security.TestAdminAuth" name="test_login_success_returns_hex_token" time="0.930" /><testcase classname="tests.test_security.TestAdminAuth" name="test_login_wrong_password_returns_401" time="0.721" /><testcase classname="tests.test_security.TestRegression" name="test_public_articles_list" time="0.621" /><testcase classname="tests.test_security.TestAdminAuth" name="test_brute_force_lockout_on_6th_attempt" time="4.542" /><testcase classname="tests.test_security.TestRegression" name="test_admin_stats" time="2.173" /><testcase classname="tests.test_security.TestRegression" name="test_admin_contacts_list" time="0.680" /><testcase classname="tests.test_security.TestRegression" name="test_admin_articles_list" time="0.703" /><testcase classname="tests.test_security.TestRegression" name="test_admin_newsletter_list" time="0.684" /><testcase classname="tests.test_security.TestAdminGatedListings" name="test_get_contact_requires_admin" time="0.063" /><testcase classname="tests.test_security.TestAdminGatedListings" name="test_get_newsletter_requires_admin" time="0.088" /><testcase classname="tests.test_security.TestAdminGatedListings" name="test_get_contact_works_with_admin" time="0.114" /><testcase classname="tests.test_security.TestAdminAuth" name="test_bcrypt_hash_stored_in_db" time="0.024" /><testcase classname="tests.test_security.TestAdminAuth" name="test_admin_seeding_idempotent" time="0.036" /><testcase classname="tests.test_security.TestDocsDisabled" name="test_docs_return_404[/docs]" time="0.134"><failure message="AssertionError: /docs should be disabled in production&#10;assert 200 == 404&#10; +  where 200 = &lt;Response [200]&gt;.status_code">tests/test_security.py:106: in test_docs_return_404
    assert r.status_code == 404, f"{path} should be disabled in production"
E   AssertionError: /docs should be disabled in production
E   assert 200 == 404
E    +  where 200 = &lt;Response [200]&gt;.status_code</failure></testcase><testcase classname="tests.test_security.TestAdminGatedListings" name="test_get_newsletter_works_with_admin" time="0.100" /><testcase classname="tests.test_security.TestAuditAndSession" name="test_admin_login_success_audit" time="0.082" /><testcase classname="tests.test_security.TestAuditAndSession" name="test_admin_verify_endpoint" time="0.075" /><testcase classname="tests.test_security.TestAuditAndSession" name="test_admin_audit_logs_endpoint" time="0.121" /><testcase classname="tests.test_security.TestAuditAndSession" name="test_expired_session_returns_401" time="0.165" /><testcase classname="tests.test_security.TestDocsDisabled" name="test_docs_return_404[/redoc]" time="0.106"><failure message="AssertionError: /redoc should be disabled in production&#10;assert 200 == 404&#10; +  where 200 = &lt;Response [200]&gt;.status_code">tests/test_security.py:106: in test_docs_return_404
    assert r.status_code == 404, f"{path} should be disabled in production"
E   AssertionError: /redoc should be disabled in production
E   assert 200 == 404
E    +  where 200 = &lt;Response [200]&gt;.status_code</failure></testcase><testcase classname="tests.test_security.TestContactSanitization" name="test_xss_stripped_from_nombre_and_mensaje" time="1.191" /><testcase classname="tests.test_security.TestDocsDisabled" name="test_docs_return_404[/openapi.json]" time="0.111"><failure message="AssertionError: /openapi.json should be disabled in production&#10;assert 200 == 404&#10; +  where 200 = &lt;Response [200]&gt;.status_code">tests/test_security.py:106: in test_docs_return_404
    assert r.status_code == 404, f"{path} should be disabled in production"
E   AssertionError: /openapi.json should be disabled in production
E   assert 200 == 404
E    +  where 200 = &lt;Response [200]&gt;.status_code</failure></testcase><testcase classname="tests.test_security.TestRateLimiting" name="test_contact_rate_limit_5_per_hour" time="4.257" /><testcase classname="tests.test_security.TestContactSanitization" name="test_servicio_allowlist_rejects_invalid" time="0.093" /><testcase classname="tests.test_security.TestContactSanitization" name="test_servicio_allowlist_accepts_valid_values" time="4.091" /><testcase classname="tests.test_security.TestRateLimiting" name="test_newsletter_rate_limit_5_per_hour" time="2.672" /><testcase classname="tests.test_security.TestSecurityHeaders" name="test_headers_present_on_public_endpoint" time="0.074" /><testcase classname="tests.test_security.TestSecurityHeaders" name="test_headers_on_admin_endpoint" time="0.255" /><testcase classname="tests.test_security.TestRateLimiting" name="test_admin_login_rate_limit_10_per_minute" time="4.774" /><testcase classname="tests.test_security.TestArticleSecurity" name="test_html_sanitization_strips_script_and_js_protocol" time="1.348" /></testsuite></testsuites>